<?xml version="1.0" encoding="UTF-8"?>
<!-- Generated by org.testng.reporters.JUnitReportReporter -->
<testsuite hostname="LAPTOP-A5AUAP0K" failures="0" tests="1" name="utility.calculator" time="0.004" errors="0" timestamp="2024-04-29T22:06:04 CDT" skipped="0">
  <testcase classname="utility.calculator" name="performCalculation" time="0.004"/>
  <system-out/>
</testsuite> <!-- utility.calculator -->
