<?xml version="1.0" encoding="UTF-8"?>
<!-- Generated by org.testng.reporters.JUnitReportReporter -->
<testsuite hostname="LAPTOP-A5AUAP0K" failures="0" tests="1" name="utility.calculator" time="0.008" errors="0" timestamp="2024-05-01T22:45:01 CDT" skipped="0">
  <testcase classname="utility.calculator" name="performCalculation" time="0.008"/>
  <system-out/>
</testsuite> <!-- utility.calculator -->
