<?xml version="1.0" encoding="UTF-8"?>
<!-- Generated by org.testng.reporters.JUnitReportReporter -->
<testsuite hostname="LAPTOP-A5AUAP0K" failures="0" tests="1" name="utility.calculator2" time="0.006" errors="0" timestamp="2024-05-01T21:57:34 CDT" skipped="0">
  <testcase classname="utility.calculator2" name="performCalculation" time="0.006"/>
  <system-out/>
</testsuite> <!-- utility.calculator2 -->
